21:32:24.438 [main] DEBUG by.pilipuk.inno.service.calculator.impl.DoubleArrayCalculatorImpl - The max value from array CustomArray{arr=[1.0, 2.0, 3.0, -4.0]} is 3.0!
21:32:24.463 [main] DEBUG by.pilipuk.inno.service.calculator.impl.DoubleArrayCalculatorImpl - The max value from array CustomArray{arr=[]} didn't find, because this custom array is empty!
21:32:24.467 [main] DEBUG by.pilipuk.inno.service.calculator.impl.DoubleArrayCalculatorImpl - The sum of elements from array CustomArray{arr=[1.0, 2.0, 3.0, -4.0]} is 2.0!
21:32:24.468 [main] DEBUG by.pilipuk.inno.service.calculator.impl.DoubleArrayCalculatorImpl - The sum of elements from array CustomArray{arr=[]} didn't find, because this custom array is empty!
21:32:24.471 [main] DEBUG by.pilipuk.inno.service.calculator.impl.DoubleArrayCalculatorImpl - The average value of elements from array CustomArray{arr=[1.0, 2.0, 3.0, -4.0]} is 0.5!
21:32:24.474 [main] DEBUG by.pilipuk.inno.service.calculator.impl.DoubleArrayCalculatorImpl - The average value of elements from array CustomArray{arr=[]} didn't find, because this custom array is empty!
21:32:24.476 [main] DEBUG by.pilipuk.inno.service.calculator.impl.DoubleArrayCalculatorImpl - The min value from array CustomArray{arr=[1.0, 2.0, 3.0, -4.0]} is -4.0!
21:32:24.478 [main] DEBUG by.pilipuk.inno.service.calculator.impl.DoubleArrayCalculatorImpl - The min value from array CustomArray{arr=[]} didn't find, because this custom array is empty!
21:32:24.487 [main] DEBUG by.pilipuk.inno.service.calculator.impl.IntArrayCalculatorImpl - The max value from array CustomArray{arr=[1, 2, 3, -4]} is 3!
21:32:24.489 [main] DEBUG by.pilipuk.inno.service.calculator.impl.IntArrayCalculatorImpl - The max value from array CustomArray{arr=[]} didn't find, because this custom array is empty!
21:32:24.491 [main] DEBUG by.pilipuk.inno.service.calculator.impl.IntArrayCalculatorImpl - The sum of elements from array CustomArray{arr=[1, 2, 3, -4]} is 2!
21:32:24.494 [main] DEBUG by.pilipuk.inno.service.calculator.impl.IntArrayCalculatorImpl - The sum of elements from array CustomArray{arr=[]} didn't find, because this custom array is empty!
21:32:24.498 [main] DEBUG by.pilipuk.inno.service.calculator.impl.IntArrayCalculatorImpl - The average value of elements from array CustomArray{arr=[1, 2, 3, -4]} is 0.5!
21:32:24.500 [main] DEBUG by.pilipuk.inno.service.calculator.impl.IntArrayCalculatorImpl - The average value of elements from array CustomArray{arr=[]} didn't find, because this custom array is empty!
21:32:24.503 [main] DEBUG by.pilipuk.inno.service.calculator.impl.IntArrayCalculatorImpl - The min value from array CustomArray{arr=[1, 2, 3, -4]} is -4!
21:32:24.508 [main] DEBUG by.pilipuk.inno.service.calculator.impl.IntArrayCalculatorImpl - The min value from array CustomArray{arr=[]} didn't find, because this custom array is empty!
21:32:24.520 [main] DEBUG by.pilipuk.inno.service.sorter.impl.DoubleArraySorterImpl - Custom array was sorted with quick sort!
21:32:24.522 [main] DEBUG by.pilipuk.inno.service.sorter.impl.DoubleArraySorterImpl - Custom array was sorted with quick sort!
21:32:24.526 [main] DEBUG by.pilipuk.inno.service.sorter.impl.DoubleArraySorterImpl - Custom array was sorted with selection sort!
21:32:24.529 [main] DEBUG by.pilipuk.inno.service.sorter.impl.DoubleArraySorterImpl - Custom array was sorted with selection sort!
21:32:24.536 [main] DEBUG by.pilipuk.inno.service.sorter.impl.IntArraySorterImpl - Custom array was sorted with quick sort!
21:32:24.539 [main] DEBUG by.pilipuk.inno.service.sorter.impl.IntArraySorterImpl - Custom array was sorted with quick sort!
21:32:24.541 [main] DEBUG by.pilipuk.inno.service.sorter.impl.IntArraySorterImpl - Custom array was sorted with selection sort!
21:32:24.543 [main] DEBUG by.pilipuk.inno.service.sorter.impl.IntArraySorterImpl - Custom array was sorted with selection sort!
22:41:00.710 [main] DEBUG by.pilipuk.inno.reader.impl.ArrayReaderImpl - Reading file: file/input.txt
22:41:00.715 [main] DEBUG by.pilipuk.inno.parser.impl.CustomArrayParserImpl - The line 1, 2, 3, -4 is valid to be converted to CustomArray
22:41:00.715 [main] DEBUG by.pilipuk.inno.parser.impl.CustomArrayParserImpl - The line  ISN'T VALID to be converted to CustomArray
22:41:00.715 [main] DEBUG by.pilipuk.inno.parser.impl.CustomArrayParserImpl - The line 1; 2; 3; -4; is valid to be converted to CustomArray
22:41:00.716 [main] DEBUG by.pilipuk.inno.parser.impl.CustomArrayParserImpl - The line 1 - 2 - 3 - -4 is valid to be converted to CustomArray
22:41:00.716 [main] DEBUG by.pilipuk.inno.parser.impl.CustomArrayParserImpl - The line 1 2 3 -4a ISN'T VALID to be converted to CustomArray
22:41:00.716 [main] DEBUG by.pilipuk.inno.parser.impl.CustomArrayParserImpl - The line a a a a ISN'T VALID to be converted to CustomArray
22:42:23.713 [main] DEBUG by.pilipuk.inno.reader.impl.ArrayReaderImpl - Reading file: file/input.txt
22:42:23.716 [main] DEBUG by.pilipuk.inno.parser.impl.CustomArrayParserImpl - The line 1, 2, 3, -4 is valid to be converted to CustomArray
22:42:23.717 [main] DEBUG by.pilipuk.inno.parser.impl.CustomArrayParserImpl - The line  ISN'T VALID to be converted to CustomArray
22:42:23.717 [main] DEBUG by.pilipuk.inno.parser.impl.CustomArrayParserImpl - The line 1; 2; 3; -4; is valid to be converted to CustomArray
22:42:23.717 [main] DEBUG by.pilipuk.inno.parser.impl.CustomArrayParserImpl - The line 1 - 2 - 3 - -4 is valid to be converted to CustomArray
22:42:23.717 [main] DEBUG by.pilipuk.inno.parser.impl.CustomArrayParserImpl - The line 1 2 3 -4a ISN'T VALID to be converted to CustomArray
22:42:23.718 [main] DEBUG by.pilipuk.inno.parser.impl.CustomArrayParserImpl - The line a a a a ISN'T VALID to be converted to CustomArray
22:42:23.718 [main] DEBUG by.pilipuk.inno.parser.impl.CustomArrayParserImpl - The line 1.0 2.0 3.0 4.00 is valid to be converted to CustomArray
22:46:42.413 [main] DEBUG by.pilipuk.inno.reader.impl.ArrayReaderImpl - Reading file: file/input.txt
22:46:42.418 [main] DEBUG by.pilipuk.inno.parser.impl.CustomArrayParserImpl - The line 1, 2, 3, -4 is valid to be converted to CustomArray
22:46:42.419 [main] DEBUG by.pilipuk.inno.parser.impl.CustomArrayParserImpl - The line  is valid to be converted to CustomArray
22:47:18.746 [main] DEBUG by.pilipuk.inno.reader.impl.ArrayReaderImpl - Reading file: file/input.txt
22:47:18.750 [main] DEBUG by.pilipuk.inno.parser.impl.CustomArrayParserImpl - The line 1, 2, 3, -4 is valid to be converted to CustomArray
22:47:18.751 [main] DEBUG by.pilipuk.inno.parser.impl.CustomArrayParserImpl - The line  is valid to be converted to CustomArray
22:47:18.751 [main] DEBUG by.pilipuk.inno.parser.impl.CustomArrayParserImpl - The line 1; 2; 3; -4; is valid to be converted to CustomArray
22:47:18.751 [main] DEBUG by.pilipuk.inno.parser.impl.CustomArrayParserImpl - The line 1 - 2 - 3 - -4 is valid to be converted to CustomArray
22:47:18.751 [main] DEBUG by.pilipuk.inno.parser.impl.CustomArrayParserImpl - The line 1 2 3 -4a ISN'T VALID to be converted to CustomArray
22:47:18.752 [main] DEBUG by.pilipuk.inno.parser.impl.CustomArrayParserImpl - The line a a a a ISN'T VALID to be converted to CustomArray
22:47:18.752 [main] DEBUG by.pilipuk.inno.parser.impl.CustomArrayParserImpl - The line 1.0 2.0 3.0 4.00 is valid to be converted to CustomArray
23:19:09.121 [main] DEBUG by.pilipuk.inno.reader.impl.ArrayReaderImpl - Reading file: file/input.txt
23:19:09.167 [main] DEBUG by.pilipuk.inno.reader.impl.ArrayReaderImpl - Reading file: file/test_input.txt
23:20:12.944 [main] DEBUG by.pilipuk.inno.reader.impl.ArrayReaderImpl - Reading file: file/input.txt
23:20:12.973 [main] DEBUG by.pilipuk.inno.reader.impl.ArrayReaderImpl - Reading file: file/test_input.txt
23:21:08.124 [main] DEBUG by.pilipuk.inno.reader.impl.ArrayReaderImpl - Reading file: file/test_input.txt
23:38:16.176 [main] DEBUG by.pilipuk.inno.parser.impl.CustomArrayParserImpl - The line 1y1 21 32 ISN'T VALID to be converted to CustomArray
23:38:16.196 [main] DEBUG by.pilipuk.inno.parser.impl.CustomArrayParserImpl - The line 1.0, 2.0, 3.0 is valid to be converted to CustomArray
23:38:16.213 [main] DEBUG by.pilipuk.inno.parser.impl.CustomArrayParserImpl - The line 1, 2, 3 is valid to be converted to CustomArray
23:38:51.338 [main] DEBUG by.pilipuk.inno.parser.impl.CustomArrayParserImpl - The line 1y1 21 32 ISN'T VALID to be converted to CustomArray
23:38:51.375 [main] DEBUG by.pilipuk.inno.parser.impl.CustomArrayParserImpl - The line 1.0, 2.0, -3.0 is valid to be converted to CustomArray
23:38:51.380 [main] DEBUG by.pilipuk.inno.parser.impl.CustomArrayParserImpl - The line 1, 2, -3 is valid to be converted to CustomArray
23:47:26.634 [main] DEBUG by.pilipuk.inno.parser.impl.CustomArrayParserImpl - The line 1, 2, -3 is valid to be converted to CustomArray
23:47:26.679 [main] DEBUG by.pilipuk.inno.parser.impl.CustomArrayParserImpl - The line 1y1 2 3 ISN'T VALID to be converted to CustomArray
23:47:26.683 [main] DEBUG by.pilipuk.inno.parser.impl.CustomArrayParserImpl - The line 1.0, 2.0, -3.0 is valid to be converted to CustomArray
23:47:26.689 [main] DEBUG by.pilipuk.inno.parser.impl.CustomArrayParserImpl - The line 1 - 2 - -3 is valid to be converted to CustomArray
23:47:26.695 [main] DEBUG by.pilipuk.inno.parser.impl.CustomArrayParserImpl - The line 1, 2, -3 is valid to be converted to CustomArray
23:47:26.699 [main] DEBUG by.pilipuk.inno.parser.impl.CustomArrayParserImpl - The line 1; 2; -3 is valid to be converted to CustomArray
23:47:55.946 [main] DEBUG by.pilipuk.inno.parser.impl.CustomArrayParserImpl - The line 1, 2, -3 is valid to be converted to CustomArray
23:47:55.968 [main] DEBUG by.pilipuk.inno.parser.impl.CustomArrayParserImpl - The line 1y1 2 3 ISN'T VALID to be converted to CustomArray
23:47:55.972 [main] DEBUG by.pilipuk.inno.parser.impl.CustomArrayParserImpl - The line 1.0, 2.0, -3.0 is valid to be converted to CustomArray
23:47:55.977 [main] DEBUG by.pilipuk.inno.parser.impl.CustomArrayParserImpl - The line 1 - 2 - -3 is valid to be converted to CustomArray
23:47:55.980 [main] DEBUG by.pilipuk.inno.parser.impl.CustomArrayParserImpl - The line 1, 2, -3 is valid to be converted to CustomArray
23:47:55.983 [main] DEBUG by.pilipuk.inno.parser.impl.CustomArrayParserImpl - The line 1; 2; -3 is valid to be converted to CustomArray
00:00:47.713 [main] DEBUG by.pilipuk.inno.parser.impl.CustomArrayParserImpl - The line 1, 2, -3 is valid to be converted to CustomArray
00:00:47.748 [main] DEBUG by.pilipuk.inno.parser.impl.CustomArrayParserImpl - The line 1.0, 2.0, -3.0 is valid to be converted to CustomArray
00:00:47.752 [main] DEBUG by.pilipuk.inno.parser.impl.CustomArrayParserImpl - The line 1y1 2 3 ISN'T VALID to be converted to CustomArray
00:00:47.757 [main] DEBUG by.pilipuk.inno.parser.impl.CustomArrayParserImpl - The line 1 - 2 - -3 is valid to be converted to CustomArray
00:00:47.760 [main] DEBUG by.pilipuk.inno.parser.impl.CustomArrayParserImpl - The line 1, 2, -3 is valid to be converted to CustomArray
00:00:47.764 [main] DEBUG by.pilipuk.inno.parser.impl.CustomArrayParserImpl - The line 1; 2; -3 is valid to be converted to CustomArray
00:03:04.817 [main] DEBUG by.pilipuk.inno.parser.impl.CustomArrayParserImpl - The line 1, 2, -3 is valid to be converted to CustomArray
00:03:04.848 [main] DEBUG by.pilipuk.inno.parser.impl.CustomArrayParserImpl - The line 1.0, 2.0, -3.0 is valid to be converted to CustomArray
00:03:04.852 [main] DEBUG by.pilipuk.inno.parser.impl.CustomArrayParserImpl - The line 1y1 2 3 ISN'T VALID to be converted to CustomArray
00:03:04.855 [main] DEBUG by.pilipuk.inno.parser.impl.CustomArrayParserImpl - The line 1 - 2 - -3 is valid to be converted to CustomArray
00:03:04.858 [main] DEBUG by.pilipuk.inno.parser.impl.CustomArrayParserImpl - The line 1, 2, -3 is valid to be converted to CustomArray
00:03:04.861 [main] DEBUG by.pilipuk.inno.parser.impl.CustomArrayParserImpl - The line 1; 2; -3 is valid to be converted to CustomArray
00:03:04.873 [main] DEBUG by.pilipuk.inno.reader.impl.ArrayReaderImpl - Reading file: file/input.txt
00:03:04.879 [main] DEBUG by.pilipuk.inno.reader.impl.ArrayReaderImpl - Reading file: file/test_input.txt
00:03:04.889 [main] DEBUG by.pilipuk.inno.service.calculator.impl.DoubleArrayCalculatorImpl - The max value from array CustomDoubleArray{arr=[1.0, 2.0, 3.0, -4.0]} is 3.0!
00:03:04.893 [main] DEBUG by.pilipuk.inno.service.calculator.impl.DoubleArrayCalculatorImpl - The max value from array CustomDoubleArray{arr=[]} didn't find, because this custom array is empty!
00:03:04.896 [main] DEBUG by.pilipuk.inno.service.calculator.impl.DoubleArrayCalculatorImpl - The sum of elements from array CustomDoubleArray{arr=[1.0, 2.0, 3.0, -4.0]} is 2.0!
00:03:04.901 [main] DEBUG by.pilipuk.inno.service.calculator.impl.DoubleArrayCalculatorImpl - The sum of elements from array CustomDoubleArray{arr=[]} didn't find, because this custom array is empty!
00:03:04.904 [main] DEBUG by.pilipuk.inno.service.calculator.impl.DoubleArrayCalculatorImpl - The average value of elements from array CustomDoubleArray{arr=[1.0, 2.0, 3.0, -4.0]} is 0.5!
00:03:04.907 [main] DEBUG by.pilipuk.inno.service.calculator.impl.DoubleArrayCalculatorImpl - The average value of elements from array CustomDoubleArray{arr=[]} didn't find, because this custom array is empty!
00:03:04.911 [main] DEBUG by.pilipuk.inno.service.calculator.impl.DoubleArrayCalculatorImpl - The min value from array CustomDoubleArray{arr=[1.0, 2.0, 3.0, -4.0]} didn't find, because this custom array is empty!
00:03:04.934 [main] DEBUG by.pilipuk.inno.service.calculator.impl.IntArrayCalculatorImpl - The max value from array CustomIntArray{arr=[1, 2, 3, -4]} is 3!
00:03:04.936 [main] DEBUG by.pilipuk.inno.service.calculator.impl.IntArrayCalculatorImpl - The max value from array CustomIntArray{arr=[]} didn't find, because this custom array is empty!
00:03:04.938 [main] DEBUG by.pilipuk.inno.service.calculator.impl.IntArrayCalculatorImpl - The sum of elements from array CustomIntArray{arr=[1, 2, 3, -4]} is 2!
00:03:04.943 [main] DEBUG by.pilipuk.inno.service.calculator.impl.IntArrayCalculatorImpl - The sum of elements from array CustomIntArray{arr=[]} didn't find, because this custom array is empty!
00:03:04.949 [main] DEBUG by.pilipuk.inno.service.calculator.impl.IntArrayCalculatorImpl - The average value of elements from array CustomIntArray{arr=[1, 2, 3, -4]} is 0.5!
00:03:04.954 [main] DEBUG by.pilipuk.inno.service.calculator.impl.IntArrayCalculatorImpl - The average value of elements from array CustomIntArray{arr=[]} didn't find, because this custom array is empty!
00:03:04.957 [main] DEBUG by.pilipuk.inno.service.calculator.impl.IntArrayCalculatorImpl - The min value from array CustomIntArray{arr=[1, 2, 3, -4]} is -4!
00:03:04.960 [main] DEBUG by.pilipuk.inno.service.calculator.impl.IntArrayCalculatorImpl - The min value from array CustomIntArray{arr=[]} didn't find, because this custom array is empty!
00:03:04.978 [main] DEBUG by.pilipuk.inno.service.sorter.impl.DoubleArraySorterImpl - Custom array was sorted with quick sort!
00:03:04.981 [main] DEBUG by.pilipuk.inno.service.sorter.impl.DoubleArraySorterImpl - Custom array was sorted with quick sort!
00:03:04.983 [main] DEBUG by.pilipuk.inno.service.sorter.impl.DoubleArraySorterImpl - Custom array was sorted with selection sort!
